c:\myproject\cuda_imageproc_project\cudaimageproc\cudaimageproc\x64\release\vc143.pdb
c:\myproject\cuda_imageproc_project\cudaimageproc\cudaimageproc\x64\release\main.obj
c:\myproject\cuda_imageproc_project\cudaimageproc\cudaimageproc\x64\release\imgui_widgets.obj
c:\myproject\cuda_imageproc_project\cudaimageproc\cudaimageproc\x64\release\imgui_tables.obj
c:\myproject\cuda_imageproc_project\cudaimageproc\cudaimageproc\x64\release\imgui_impl_opengl3.obj
c:\myproject\cuda_imageproc_project\cudaimageproc\cudaimageproc\x64\release\imgui_impl_glfw.obj
c:\myproject\cuda_imageproc_project\cudaimageproc\cudaimageproc\x64\release\imgui_draw.obj
c:\myproject\cuda_imageproc_project\cudaimageproc\cudaimageproc\x64\release\imgui_demo.obj
c:\myproject\cuda_imageproc_project\cudaimageproc\cudaimageproc\x64\release\imgui.obj
c:\myproject\cuda_imageproc_project\cudaimageproc\cudaimageproc\x64\release\cpu_kernel.obj
c:\myproject\cuda_imageproc_project\cudaimageproc\cudaimageproc\x64\release\kernel.cu.obj
c:\myproject\cuda_imageproc_project\cudaimageproc\cudaimageproc\x64\release\kernel.cu.cache
c:\myproject\cuda_imageproc_project\cudaimageproc\cudaimageproc\x64\release\cudaimageproc.tlog\cl.command.1.tlog
c:\myproject\cuda_imageproc_project\cudaimageproc\cudaimageproc\x64\release\cudaimageproc.tlog\cl.read.1.tlog
c:\myproject\cuda_imageproc_project\cudaimageproc\cudaimageproc\x64\release\cudaimageproc.tlog\cl.write.1.tlog
c:\myproject\cuda_imageproc_project\cudaimageproc\cudaimageproc\x64\release\cudaimageproc.tlog\cudacompile.read.1u.tlog
c:\myproject\cuda_imageproc_project\cudaimageproc\cudaimageproc\x64\release\cudaimageproc.tlog\cudacompile.write.1u.tlog
c:\myproject\cuda_imageproc_project\cudaimageproc\cudaimageproc\x64\release\cudaimageproc.tlog\link.command.1.tlog
c:\myproject\cuda_imageproc_project\cudaimageproc\cudaimageproc\x64\release\cudaimageproc.tlog\link.read.1.tlog
c:\myproject\cuda_imageproc_project\cudaimageproc\cudaimageproc\x64\release\cudaimageproc.tlog\link.write.1.tlog
