c:\myproject\cuda_imageproc_project\cudaimageproc\cudaimageproc\x64\debug\vc143.pdb
c:\myproject\cuda_imageproc_project\cudaimageproc\cudaimageproc\x64\debug\vc143.idb
c:\myproject\cuda_imageproc_project\cudaimageproc\cudaimageproc\x64\debug\main.obj
c:\myproject\cuda_imageproc_project\cudaimageproc\cudaimageproc\x64\debug\kernel.cu.obj
c:\myproject\cuda_imageproc_project\cudaimageproc\x64\debug\cudaimageproc.lib
c:\myproject\cuda_imageproc_project\cudaimageproc\x64\debug\cudaimageproc.exp
c:\myproject\cuda_imageproc_project\cudaimageproc\cudaimageproc\x64\debug\kernel.cu.cache
c:\myproject\cuda_imageproc_project\cudaimageproc\x64\debug\cudaimageproc.pdb
c:\myproject\cuda_imageproc_project\cudaimageproc\cudaimageproc\x64\debug\cudaimageproc.tlog\cl.command.1.tlog
c:\myproject\cuda_imageproc_project\cudaimageproc\cudaimageproc\x64\debug\cudaimageproc.tlog\cl.read.1.tlog
c:\myproject\cuda_imageproc_project\cudaimageproc\cudaimageproc\x64\debug\cudaimageproc.tlog\cl.write.1.tlog
c:\myproject\cuda_imageproc_project\cudaimageproc\cudaimageproc\x64\debug\cudaimageproc.tlog\cudacompile.read.1u.tlog
c:\myproject\cuda_imageproc_project\cudaimageproc\cudaimageproc\x64\debug\cudaimageproc.tlog\cudacompile.write.1u.tlog
c:\myproject\cuda_imageproc_project\cudaimageproc\cudaimageproc\x64\debug\cudaimageproc.tlog\link-cvtres.read.1.tlog
c:\myproject\cuda_imageproc_project\cudaimageproc\cudaimageproc\x64\debug\cudaimageproc.tlog\link-cvtres.write.1.tlog
c:\myproject\cuda_imageproc_project\cudaimageproc\cudaimageproc\x64\debug\cudaimageproc.tlog\link-rc.read.1.tlog
c:\myproject\cuda_imageproc_project\cudaimageproc\cudaimageproc\x64\debug\cudaimageproc.tlog\link-rc.write.1.tlog
c:\myproject\cuda_imageproc_project\cudaimageproc\cudaimageproc\x64\debug\cudaimageproc.tlog\link.2796-cvtres.read.1.tlog
c:\myproject\cuda_imageproc_project\cudaimageproc\cudaimageproc\x64\debug\cudaimageproc.tlog\link.2796-cvtres.write.1.tlog
c:\myproject\cuda_imageproc_project\cudaimageproc\cudaimageproc\x64\debug\cudaimageproc.tlog\link.2796-rc.read.1.tlog
c:\myproject\cuda_imageproc_project\cudaimageproc\cudaimageproc\x64\debug\cudaimageproc.tlog\link.2796-rc.write.1.tlog
c:\myproject\cuda_imageproc_project\cudaimageproc\cudaimageproc\x64\debug\cudaimageproc.tlog\link.2796.read.1.tlog
c:\myproject\cuda_imageproc_project\cudaimageproc\cudaimageproc\x64\debug\cudaimageproc.tlog\link.2796.read.2.tlog
c:\myproject\cuda_imageproc_project\cudaimageproc\cudaimageproc\x64\debug\cudaimageproc.tlog\link.2796.write.1.tlog
c:\myproject\cuda_imageproc_project\cudaimageproc\cudaimageproc\x64\debug\cudaimageproc.tlog\link.command.1.tlog
c:\myproject\cuda_imageproc_project\cudaimageproc\cudaimageproc\x64\debug\cudaimageproc.tlog\link.read.1.tlog
c:\myproject\cuda_imageproc_project\cudaimageproc\cudaimageproc\x64\debug\cudaimageproc.tlog\link.read.2.tlog
c:\myproject\cuda_imageproc_project\cudaimageproc\cudaimageproc\x64\debug\cudaimageproc.tlog\link.write.1.tlog
c:\myproject\cuda_imageproc_project\cudaimageproc\cudaimageproc\x64\debug\cudaimageproc.tlog\link.write.2u.tlog
